2022-04-12 01:29:52,349 Spectrogram appeared
2022-04-12 01:29:52,350 Opened Wav file
2022-04-12 01:30:06,316 Equalizer initiated
2022-04-12 01:30:11,920 volume changed
2022-04-12 01:30:11,948 volume changed
2022-04-12 01:30:11,949 volume changed
2022-04-12 01:30:11,979 volume changed
2022-04-12 01:30:11,980 volume changed
2022-04-12 01:30:21,342 media played again
2022-04-12 01:30:22,970 media paused
2022-04-12 01:30:24,598 Equalizer initiated
2022-04-12 01:30:25,091 media played again
2022-04-12 01:30:51,702 volume changed
2022-04-12 01:30:51,730 volume changed
2022-04-12 01:30:51,730 volume changed
2022-04-12 01:30:51,731 volume changed
2022-04-12 01:30:51,732 volume changed
2022-04-12 01:30:51,762 volume changed
2022-04-12 01:30:51,922 volume changed
2022-04-12 01:30:51,949 volume changed
2022-04-12 01:30:51,951 volume changed
2022-04-12 01:30:51,980 volume changed
2022-04-12 01:30:53,112 media paused
2022-04-12 01:30:53,722 media played again
2022-04-12 01:30:55,503 media played again
2022-04-12 01:30:56,641 media paused
2022-04-12 01:30:57,109 media played again
2022-04-12 01:30:58,117 media paused
2022-04-12 01:30:58,863 media played again
2022-04-12 01:31:10,083 Equalizer initiated
2022-04-12 01:31:15,793 Equalizer initiated
2022-04-12 01:32:33,381 Spectrogram appeared
2022-04-12 01:32:33,382 Opened Wav file
2022-04-12 01:32:35,495 volume changed
2022-04-12 01:32:35,526 volume changed
2022-04-12 01:32:35,526 volume changed
2022-04-12 01:32:35,558 volume changed
2022-04-12 01:32:35,559 volume changed
2022-04-12 01:32:39,940 Equalizer initiated
2022-04-12 01:32:45,179 Equalizer initiated
2022-04-12 01:32:47,370 media played
2022-04-12 01:32:49,932 Equalizer initiated
2022-04-12 01:33:01,114 Equalizer initiated
2022-04-12 01:33:05,163 Equalizer initiated
2022-04-12 01:34:01,938 Spectrogram appeared
2022-04-12 01:34:01,939 Opened Wav file
2022-04-12 01:34:04,749 volume changed
2022-04-12 01:34:04,777 volume changed
2022-04-12 01:34:04,777 volume changed
2022-04-12 01:34:04,808 volume changed
2022-04-12 01:34:04,809 volume changed
2022-04-12 01:34:06,698 volume changed
2022-04-12 01:34:06,701 volume changed
2022-04-12 01:34:06,731 volume changed
2022-04-12 01:34:06,761 volume changed
2022-04-12 01:34:06,762 volume changed
2022-04-12 01:34:06,793 volume changed
2022-04-12 01:34:06,825 volume changed
2022-04-12 01:34:06,826 volume changed
2022-04-12 01:34:06,854 volume changed
2022-04-12 01:34:07,530 volume changed
2022-04-12 01:34:07,559 volume changed
2022-04-12 01:34:07,588 volume changed
2022-04-12 01:34:07,681 volume changed
2022-04-12 01:34:07,747 volume changed
2022-04-12 01:34:09,725 volume changed
2022-04-12 01:34:09,751 volume changed
2022-04-12 01:34:09,751 volume changed
2022-04-12 01:34:09,777 volume changed
2022-04-12 01:34:11,511 Spectrogram appeared
2022-04-12 01:34:11,511 Equalizer initiated
2022-04-12 01:34:15,247 Spectrogram appeared
2022-04-12 01:34:15,247 Equalizer initiated
2022-04-12 01:34:18,757 Spectrogram appeared
2022-04-12 01:34:18,757 Equalizer initiated
2022-04-12 01:34:24,632 Spectrogram appeared
2022-04-12 01:34:24,633 Equalizer initiated
2022-04-12 01:37:36,110 Spectrogram appeared
2022-04-12 01:37:36,110 Opened Wav file
2022-04-12 01:37:38,636 volume changed
2022-04-12 01:37:38,636 volume changed
2022-04-12 01:37:38,666 volume changed
2022-04-12 01:37:38,667 volume changed
2022-04-12 01:37:38,698 volume changed
2022-04-12 02:44:20,533 Spectrogram appeared
2022-04-12 02:44:20,534 Opened Wav file
2022-04-12 02:53:42,440 Spectrogram appeared
2022-04-12 02:53:42,441 Opened Wav file
2022-04-12 02:53:52,372 Spectrogram appeared
2022-04-12 02:53:52,372 Equalizer initiated
2022-04-12 02:54:05,012 Spectrogram appeared
2022-04-12 02:54:05,012 Equalizer initiated
2022-04-12 02:54:05,384 volume changed
2022-04-12 02:54:07,352 volume changed
2022-04-12 02:54:07,703 volume changed
2022-04-12 02:54:08,519 volume changed
2022-04-12 02:54:09,648 volume changed
2022-04-12 02:54:20,752 Spectrogram appeared
2022-04-12 02:54:20,752 Equalizer initiated
2022-04-12 02:54:31,184 Spectrogram appeared
2022-04-12 02:54:31,184 Equalizer initiated
2022-04-12 02:54:42,599 Spectrogram appeared
2022-04-12 02:54:42,599 Equalizer initiated
2022-04-12 02:55:28,896 Spectrogram appeared
2022-04-12 02:55:28,896 Opened Wav file
2022-04-12 02:55:31,565 volume changed
2022-04-12 02:55:31,842 volume changed
2022-04-12 02:55:33,406 volume changed
2022-04-12 02:55:33,969 volume changed
2022-04-12 02:55:34,684 volume changed
2022-04-12 02:55:37,504 media paused
2022-04-12 02:55:38,591 media played
2022-04-12 02:55:43,606 Spectrogram appeared
2022-04-12 02:55:43,606 Equalizer initiated
2022-04-12 02:55:44,122 volume changed
2022-04-12 02:55:44,183 volume changed
2022-04-12 02:55:44,218 volume changed
2022-04-12 02:55:44,335 volume changed
2022-04-12 02:55:49,026 Spectrogram appeared
2022-04-12 02:55:49,026 Equalizer initiated
2022-04-12 02:55:54,107 Spectrogram appeared
2022-04-12 02:55:54,107 Equalizer initiated
2022-04-12 03:06:40,617 Spectrogram appeared
2022-04-12 03:06:40,617 Opened Wav file
2022-04-12 03:06:42,483 volume changed
2022-04-12 03:06:42,515 volume changed
2022-04-12 03:06:42,516 volume changed
2022-04-12 03:06:42,545 volume changed
2022-04-12 03:06:43,671 volume changed
2022-04-12 03:06:43,671 volume changed
2022-04-12 03:06:43,701 volume changed
2022-04-12 03:06:43,702 volume changed
2022-04-12 03:06:43,732 volume changed
2022-04-12 03:06:43,733 volume changed
2022-04-12 03:06:43,736 volume changed
2022-04-12 03:06:43,766 volume changed
2022-04-12 03:06:43,795 volume changed
2022-04-12 03:06:44,484 volume changed
2022-04-12 03:06:44,514 volume changed
2022-04-12 03:06:44,515 volume changed
2022-04-12 03:06:44,546 volume changed
2022-04-12 03:06:44,576 volume changed
2022-04-12 03:06:44,609 volume changed
2022-04-12 03:06:44,734 volume changed
2022-04-12 03:06:45,798 media paused
2022-04-12 03:06:46,641 media played
2022-04-12 03:06:49,737 Spectrogram appeared
2022-04-12 03:06:49,738 Equalizer initiated
2022-04-12 03:07:06,709 Spectrogram appeared
2022-04-12 03:07:06,709 Equalizer initiated
2022-04-12 03:07:12,518 media paused
2022-04-12 03:09:23,909 Live Ploter Initialized
2022-04-12 03:42:45,743 Spectrogram appeared
2022-04-12 03:42:45,743 Opened Wav file
2022-04-12 03:42:48,047 volume changed
2022-04-12 03:42:48,076 volume changed
2022-04-12 03:42:48,076 volume changed
2022-04-12 03:42:48,110 volume changed
2022-04-12 03:42:48,178 volume changed
2022-04-12 03:42:48,203 volume changed
2022-04-12 03:42:48,233 volume changed
2022-04-12 03:42:48,295 volume changed
2022-04-12 03:42:48,577 volume changed
2022-04-12 03:42:48,577 volume changed
2022-04-12 03:42:48,607 volume changed
2022-04-12 03:42:48,607 volume changed
2022-04-12 03:42:48,638 volume changed
2022-04-12 03:42:48,670 volume changed
2022-04-12 03:42:48,671 volume changed
2022-04-12 03:42:49,650 media played
2022-04-12 03:42:50,425 media paused
2022-04-12 03:42:50,920 media played
2022-04-12 03:42:54,054 Spectrogram appeared
2022-04-12 03:42:54,054 Equalizer initiated
2022-04-12 03:42:57,599 Spectrogram appeared
2022-04-12 03:42:57,599 Equalizer initiated
2022-04-12 03:43:01,874 Spectrogram appeared
2022-04-12 03:43:01,874 Equalizer initiated
2022-04-12 04:18:54,592 Spectrogram appeared
2022-04-12 04:18:54,592 Opened Wav file
2022-04-12 04:19:07,120 media paused
2022-04-12 04:19:07,741 media played
2022-04-12 04:19:08,516 volume changed
2022-04-12 04:19:08,545 volume changed
2022-04-12 04:19:08,545 volume changed
2022-04-12 04:19:08,577 volume changed
2022-04-12 04:19:08,640 volume changed
2022-04-12 04:19:08,671 volume changed
2022-04-12 04:19:08,828 volume changed
2022-04-12 04:19:08,890 volume changed
2022-04-12 04:19:09,083 volume changed
2022-04-12 04:19:09,109 volume changed
2022-04-12 04:19:09,110 volume changed
2022-04-12 04:19:09,110 volume changed
2022-04-12 04:19:09,139 volume changed
2022-04-12 04:19:09,139 volume changed
2022-04-12 04:19:09,170 volume changed
2022-04-12 04:19:09,171 volume changed
2022-04-12 04:19:12,022 Spectrogram appeared
2022-04-12 04:19:12,022 Equalizer initiated
2022-04-12 04:19:17,269 Spectrogram appeared
2022-04-12 04:19:17,269 Equalizer initiated
2022-04-12 04:19:23,221 Spectrogram appeared
2022-04-12 04:19:23,221 Equalizer initiated
2022-04-12 04:19:28,291 volume changed
2022-04-12 04:19:28,294 volume changed
2022-04-12 04:19:28,321 volume changed
2022-04-12 04:19:28,352 volume changed
2022-04-12 04:19:28,387 volume changed
2022-04-12 04:19:28,447 volume changed
2022-04-12 04:19:28,509 volume changed
2022-04-12 04:19:28,541 volume changed
2022-04-12 04:19:28,707 volume changed
2022-04-12 04:19:28,728 volume changed
2022-04-12 04:19:28,732 volume changed
2022-04-12 04:19:28,759 volume changed
2022-04-12 04:19:28,765 volume changed
2022-04-12 04:19:28,789 volume changed
2022-04-12 04:19:28,822 volume changed
2022-04-12 04:19:28,825 volume changed
2022-04-12 04:21:10,726 Spectrogram appeared
2022-04-12 04:21:10,726 Opened Wav file
2022-04-12 04:21:12,467 volume changed
2022-04-12 04:21:12,626 volume changed
2022-04-12 04:21:27,504 Spectrogram appeared
2022-04-12 04:21:27,505 Equalizer initiated
2022-04-12 04:21:47,268 Spectrogram appeared
2022-04-12 04:21:47,268 Equalizer initiated
2022-04-12 04:21:48,433 volume changed
2022-04-12 04:21:48,470 volume changed
2022-04-12 04:22:02,535 Spectrogram appeared
2022-04-12 04:22:02,535 Equalizer initiated
2022-04-12 04:22:23,448 Spectrogram appeared
2022-04-12 04:22:23,448 Equalizer initiated
2022-04-12 17:08:38,471 Spectrogram appeared
2022-04-12 17:08:38,472 Opened Wav file
2022-04-12 17:09:44,241 Spectrogram appeared
2022-04-12 17:09:44,241 Opened Wav file
2022-04-12 17:09:48,282 volume changed
2022-04-12 17:09:48,466 volume changed
2022-04-12 17:09:54,751 volume changed
2022-04-12 17:09:55,848 volume changed
2022-04-12 17:09:55,961 volume changed
2022-04-12 17:09:57,374 media paused
2022-04-12 17:09:58,747 media played
2022-04-12 17:10:00,157 media paused
2022-04-12 17:10:42,373 Spectrogram appeared
2022-04-12 17:10:42,374 Opened Wav file
2022-04-12 17:10:45,309 volume changed
2022-04-12 17:10:45,370 volume changed
2022-04-12 17:10:53,851 Spectrogram appeared
2022-04-12 17:10:53,851 Equalizer initiated
2022-04-12 17:11:01,608 Spectrogram appeared
2022-04-12 17:11:01,608 Equalizer initiated
2022-04-12 17:11:06,653 volume changed
2022-04-12 17:11:07,536 volume changed
2022-04-12 17:11:08,041 volume changed
2022-04-12 17:11:09,402 volume changed
2022-04-12 17:11:09,403 volume changed
2022-04-12 17:11:09,435 volume changed
2022-04-12 17:11:09,435 volume changed
2022-04-12 17:11:09,438 volume changed
2022-04-12 17:11:09,467 volume changed
2022-04-12 17:11:13,189 volume changed
2022-04-12 17:11:13,277 volume changed
2022-04-12 17:11:13,311 volume changed
2022-04-12 17:11:13,527 volume changed
2022-04-12 17:11:13,561 volume changed
2022-04-12 17:11:13,563 volume changed
2022-04-12 17:11:15,473 volume changed
2022-04-12 17:11:15,839 volume changed
2022-04-12 17:11:32,818 Spectrogram appeared
2022-04-12 17:11:32,818 Opened Wav file
2022-04-12 17:11:35,154 volume changed
2022-04-12 17:11:35,278 volume changed
2022-04-12 17:11:41,014 Spectrogram appeared
2022-04-12 17:11:41,015 Equalizer initiated
2022-04-12 17:11:47,759 media paused
2022-05-30 17:26:48,484 Spectrogram appeared
2022-05-30 17:26:48,486 Opened Wav file
2022-05-30 17:27:00,982 media played
2022-05-30 17:27:04,044 media played
2022-05-30 17:27:06,173 media played
2022-05-30 17:27:15,164 Spectrogram appeared
2022-05-30 17:27:15,164 Opened Wav file
2022-05-30 17:27:20,446 media played
2022-05-30 17:27:22,080 media paused
2022-05-30 17:27:22,885 media played
2022-05-30 17:27:25,441 Spectrogram appeared
2022-05-30 17:27:25,441 Equalizer initiated
2022-05-30 17:27:30,434 Spectrogram appeared
2022-05-30 17:27:30,434 Equalizer initiated
2022-05-30 17:27:35,554 Spectrogram appeared
2022-05-30 17:27:35,554 Equalizer initiated
2022-05-30 17:27:38,044 media paused
2022-05-30 17:30:58,640 Spectrogram appeared
2022-05-30 17:30:58,641 Opened Wav file
2022-05-30 17:38:28,539 Spectrogram appeared
2022-05-30 17:38:28,539 Opened Wav file
2022-05-30 17:38:57,565 media played
2022-05-30 17:39:00,433 media played
2022-05-30 17:39:06,302 Spectrogram appeared
2022-05-30 17:39:06,303 Opened Wav file
2022-05-30 17:39:30,042 Spectrogram appeared
2022-05-30 17:39:30,043 Equalizer initiated
2022-05-30 17:39:39,245 media paused
2022-05-30 20:24:28,898 Spectrogram appeared
2022-05-30 20:24:28,898 Opened Wav file
2022-05-30 20:24:31,500 volume changed
2022-05-30 20:24:31,528 volume changed
2022-05-30 20:24:31,559 volume changed
2022-05-30 20:24:31,687 volume changed
2022-05-30 20:24:31,748 volume changed
2022-05-30 20:24:31,780 volume changed
2022-05-30 20:24:31,845 volume changed
2022-05-30 20:24:32,217 volume changed
2022-05-30 20:24:32,246 volume changed
2022-05-30 20:24:32,279 volume changed
2022-05-30 20:24:32,403 volume changed
2022-05-30 20:24:32,466 volume changed
2022-05-30 20:24:32,558 volume changed
2022-05-30 20:24:41,113 Spectrogram appeared
2022-05-30 20:24:41,113 Equalizer initiated
2022-05-30 20:24:52,745 Spectrogram appeared
2022-05-30 20:24:52,745 Equalizer initiated
2022-05-30 20:33:18,703 Spectrogram appeared
2022-05-30 20:33:18,703 Opened Wav file
2022-05-30 20:33:24,595 media paused
2022-05-30 20:33:26,842 media played
2022-05-30 20:33:28,064 media paused
2022-05-30 20:34:02,062 Live Ploter Initialized
2022-05-30 20:38:57,642 Spectrogram appeared
2022-05-30 20:38:57,677 Opened Wav file
2022-05-30 20:39:00,873 volume changed
2022-05-30 20:39:00,904 volume changed
2022-05-30 20:39:01,032 volume changed
2022-05-30 20:39:01,162 volume changed
2022-05-30 20:39:01,342 volume changed
2022-05-30 20:39:01,749 volume changed
2022-05-30 20:39:01,779 volume changed
2022-05-30 20:39:01,842 volume changed
2022-05-30 20:39:01,873 volume changed
2022-05-30 20:39:01,966 volume changed
2022-05-30 20:39:07,906 media paused
2022-05-30 20:39:08,999 media played
2022-05-30 20:39:18,074 Spectrogram appeared
2022-05-30 20:39:18,074 Equalizer initiated
2022-05-30 20:39:24,686 media paused
2022-05-30 20:45:51,869 Spectrogram appeared
2022-05-30 20:45:51,870 Opened Wav file
2022-05-30 20:45:53,591 volume changed
2022-05-30 20:45:53,592 volume changed
2022-05-30 20:45:53,622 volume changed
2022-05-30 20:45:53,810 volume changed
2022-05-30 20:45:53,869 volume changed
2022-05-30 20:46:04,095 Spectrogram appeared
2022-05-30 20:46:04,095 Equalizer initiated
2022-05-30 20:46:15,052 Spectrogram appeared
2022-05-30 20:46:15,052 Equalizer initiated
2022-05-30 20:46:28,002 media paused
2022-05-30 21:03:03,001 Spectrogram appeared
2022-05-30 21:03:03,002 Opened Wav file
2022-05-30 21:03:13,534 media paused
2022-05-30 21:03:58,940 Live Ploter Initialized
2022-05-30 21:58:11,042 Spectrogram appeared
2022-05-30 21:58:11,042 Opened Wav file
2022-05-30 21:58:14,028 media paused
2022-05-30 22:00:25,317 Live Ploter Initialized
2022-05-30 22:22:49,434 Spectrogram appeared
2022-05-30 22:22:49,435 Opened Wav file
2022-05-30 22:22:51,363 volume changed
2022-05-30 22:22:51,392 volume changed
2022-05-30 22:22:51,421 volume changed
2022-05-30 22:22:51,451 volume changed
2022-05-30 22:22:51,582 volume changed
2022-05-30 22:22:51,639 volume changed
2022-05-30 22:22:51,737 volume changed
2022-05-30 22:22:51,826 volume changed
2022-05-30 22:22:52,077 volume changed
2022-05-30 22:22:52,077 volume changed
2022-05-30 22:22:52,077 volume changed
2022-05-30 22:22:52,109 volume changed
2022-05-30 22:22:53,769 media paused
2022-05-30 22:22:54,388 media played
2022-05-30 22:38:31,926 Spectrogram appeared
2022-05-30 22:38:31,928 Opened Wav file
2022-05-30 22:38:34,122 volume changed
2022-05-30 22:38:34,157 volume changed
2022-05-30 22:38:34,217 volume changed
2022-05-30 22:38:35,286 media paused
2022-05-30 22:39:22,919 Live Ploter Initialized
2022-05-30 22:57:43,710 Spectrogram appeared
2022-05-30 22:57:43,711 Opened Wav file
2022-05-30 22:57:45,907 media paused
2022-05-30 22:58:34,600 Live Ploter Initialized
2022-05-31 13:54:37,664 Spectrogram appeared
2022-05-31 13:54:37,666 Opened Wav file
2022-05-31 13:54:40,890 media paused
2022-05-31 13:55:56,109 Live Ploter Initialized
2022-05-31 13:56:36,633 Spectrogram appeared
2022-05-31 13:56:36,633 Opened Wav file
2022-05-31 13:56:47,522 Spectrogram appeared
2022-05-31 13:56:47,523 Equalizer initiated
2022-05-31 14:37:54,484 Spectrogram appeared
2022-05-31 14:38:29,210 Spectrogram appeared
2022-05-31 14:38:29,211 Opened Wav file
2022-05-31 14:38:32,380 media paused
2022-05-31 14:38:38,472 media played
2022-05-31 14:38:41,599 media paused
2022-05-31 16:21:15,188 Spectrogram appeared
2022-05-31 16:21:15,189 Opened Wav file
2022-05-31 16:23:37,756 Spectrogram appeared
2022-05-31 16:23:37,757 Opened Wav file
2022-05-31 16:37:36,298 Spectrogram appeared
2022-05-31 16:37:36,299 Opened Wav file
2022-05-31 16:38:01,421 volume changed
2022-05-31 16:38:01,446 volume changed
2022-05-31 16:38:01,452 volume changed
2022-05-31 16:38:01,480 volume changed
2022-05-31 16:38:01,540 volume changed
2022-05-31 16:38:01,670 volume changed
2022-05-31 16:38:01,729 volume changed
2022-05-31 16:38:04,386 volume changed
2022-05-31 16:38:04,414 volume changed
2022-05-31 16:38:04,417 volume changed
2022-05-31 16:38:04,446 volume changed
2022-05-31 16:38:04,447 volume changed
2022-05-31 16:38:04,477 volume changed
2022-05-31 16:38:04,481 volume changed
2022-05-31 16:38:15,556 Spectrogram appeared
2022-05-31 16:38:15,557 Equalizer initiated
2022-05-31 16:39:15,244 Spectrogram appeared
2022-05-31 16:39:15,244 Equalizer initiated
2022-05-31 16:55:29,000 Live Ploter Initialized
2022-05-31 16:55:51,810 Spectrogram appeared
2022-05-31 16:55:51,811 Opened Wav file
2022-05-31 19:21:58,585 Spectrogram appeared
2022-05-31 19:21:58,586 Opened Wav file
2022-05-31 19:22:02,861 Spectrogram appeared
2022-05-31 19:22:02,861 Equalizer initiated
2022-05-31 19:22:04,407 Spectrogram appeared
2022-05-31 19:22:04,407 Equalizer initiated
2022-05-31 19:22:05,992 Spectrogram appeared
2022-05-31 19:22:05,992 Equalizer initiated
2022-05-31 19:22:10,129 Spectrogram appeared
2022-05-31 19:22:10,130 Equalizer initiated
2022-05-31 19:22:11,651 Spectrogram appeared
2022-05-31 19:22:11,652 Equalizer initiated
2022-05-31 19:22:15,697 Spectrogram appeared
2022-05-31 19:22:15,697 Equalizer initiated
2022-05-31 19:22:17,222 Spectrogram appeared
2022-05-31 19:22:17,222 Equalizer initiated
2022-05-31 19:22:21,068 Spectrogram appeared
2022-05-31 19:22:21,069 Equalizer initiated
2022-05-31 19:22:24,071 Spectrogram appeared
2022-05-31 19:22:24,071 Equalizer initiated
2022-05-31 19:22:25,152 Spectrogram appeared
2022-05-31 19:22:25,152 Equalizer initiated
2022-05-31 19:22:28,232 Spectrogram appeared
2022-05-31 19:22:28,232 Equalizer initiated
2022-05-31 19:22:29,341 Spectrogram appeared
2022-05-31 19:22:29,342 Equalizer initiated
2022-05-31 19:22:33,799 Spectrogram appeared
2022-05-31 19:22:33,800 Equalizer initiated
2022-05-31 19:22:34,885 Spectrogram appeared
2022-05-31 19:22:34,886 Equalizer initiated
2022-05-31 19:23:13,257 Spectrogram appeared
2022-05-31 19:23:13,257 Opened Wav file
2022-05-31 19:23:21,201 Spectrogram appeared
2022-05-31 19:23:21,202 Equalizer initiated
2022-05-31 19:23:28,995 Spectrogram appeared
2022-05-31 19:23:28,995 Equalizer initiated
2022-05-31 19:23:30,529 Spectrogram appeared
2022-05-31 19:23:30,529 Equalizer initiated
2022-05-31 19:23:35,955 Spectrogram appeared
2022-05-31 19:23:35,955 Equalizer initiated
2022-05-31 19:23:39,208 Spectrogram appeared
2022-05-31 19:23:39,208 Equalizer initiated
2022-05-31 19:23:41,804 Spectrogram appeared
2022-05-31 19:23:41,805 Equalizer initiated
2022-05-31 19:23:43,332 Spectrogram appeared
2022-05-31 19:23:43,333 Equalizer initiated
2022-05-31 19:23:49,365 Spectrogram appeared
2022-05-31 19:23:49,365 Equalizer initiated
2022-05-31 19:23:50,457 Spectrogram appeared
2022-05-31 19:23:50,457 Equalizer initiated
2022-05-31 19:23:52,738 Spectrogram appeared
2022-05-31 19:23:52,738 Equalizer initiated
2022-05-31 19:23:53,881 Spectrogram appeared
2022-05-31 19:23:53,881 Equalizer initiated
2022-05-31 19:23:58,126 Spectrogram appeared
2022-05-31 19:23:58,126 Equalizer initiated
2022-05-31 19:23:59,349 Spectrogram appeared
2022-05-31 19:23:59,349 Equalizer initiated
